{"D:\\Projects\\react-ci-workshop\\src\\App.css": {"path":"D:\\Projects\\react-ci-workshop\\src\\App.css","statementMap":{},"fnMap":{},"branchMap":{},"s":{},"f":{},"b":{},"meta":{"lastBranch":0,"lastFunction":0,"lastStatement":0,"seen":{}}}
,"D:\\Projects\\react-ci-workshop\\src\\App.jsx": {"path":"D:\\Projects\\react-ci-workshop\\src\\App.jsx","statementMap":{"0":{"start":{"line":7,"column":24},"end":{"line":7,"column":null}},"1":{"start":{"line":9,"column":2},"end":{"line":32,"column":null}},"2":{"start":{"line":22,"column":31},"end":{"line":22,"column":63}},"3":{"start":{"line":22,"column":51},"end":{"line":22,"column":60}}},"fnMap":{"0":{"name":"App","decl":{"start":{"line":6,"column":9},"end":{"line":6,"column":15}},"loc":{"start":{"line":6,"column":15},"end":{"line":34,"column":null}},"line":6},"1":{"name":"(anonymous_1)","decl":{"start":{"line":22,"column":25},"end":{"line":22,"column":31}},"loc":{"start":{"line":22,"column":31},"end":{"line":22,"column":63}},"line":22},"2":{"name":"(anonymous_2)","decl":{"start":{"line":22,"column":40},"end":{"line":22,"column":41}},"loc":{"start":{"line":22,"column":51},"end":{"line":22,"column":60}},"line":22}},"branchMap":{},"s":{"0":2,"1":2,"2":0,"3":0},"f":{"0":2,"1":0,"2":0},"b":{},"meta":{"lastBranch":0,"lastFunction":3,"lastStatement":4,"seen":{"f:6:9:6:15":0,"s:7:24:7:Infinity":0,"s:9:2:32:Infinity":1,"f:22:25:22:31":1,"s:22:31:22:63":2,"f:22:40:22:41":2,"s:22:51:22:60":3}}}
,"D:\\Projects\\react-ci-workshop\\src\\assets\\react.svg": {"path":"D:\\Projects\\react-ci-workshop\\src\\assets\\react.svg","statementMap":{},"fnMap":{},"branchMap":{},"s":{},"f":{},"b":{},"meta":{"lastBranch":0,"lastFunction":0,"lastStatement":0,"seen":{}}}
}
